09/28/24 20:54:44 v1.34.5 @ DESKTOP-ENNO4D3, 
09/28/24 20:54:44 v1.34.5 @ DESKTOP-ENNO4D3, ****************************
09/28/24 20:54:44 v1.34.5 @ DESKTOP-ENNO4D3, Starting factorization of 135903945608224521124735251984277413051187048047834271058469761382289177637920157941993536929315574733206785940455134544828735643858255829493403950189643776819556226873936523007921558791739696471377942096154361970265319803349309765839164623208602967479202035590508382929788573847976137331288838472712230985857
09/28/24 20:54:44 v1.34.5 @ DESKTOP-ENNO4D3, using pretesting plan: normal
09/28/24 20:54:44 v1.34.5 @ DESKTOP-ENNO4D3, no tune info: using qs/gnfs crossover of 95 digits
09/28/24 20:54:44 v1.34.5 @ DESKTOP-ENNO4D3, ****************************
09/28/24 20:54:44 v1.34.5 @ DESKTOP-ENNO4D3, rho: x^2 + 3, starting 1000 iterations on C309
09/28/24 20:54:44 v1.34.5 @ DESKTOP-ENNO4D3, rho: x^2 + 2, starting 1000 iterations on C309
09/28/24 20:54:45 v1.34.5 @ DESKTOP-ENNO4D3, rho: x^2 + 1, starting 1000 iterations on C309
09/28/24 20:54:45 v1.34.5 @ DESKTOP-ENNO4D3, pm1: starting B1 = 150K, B2 = gmp-ecm default on C309
09/28/24 20:54:45 v1.34.5 @ DESKTOP-ENNO4D3, current ECM pretesting depth: 0.00
09/28/24 20:54:45 v1.34.5 @ DESKTOP-ENNO4D3, scheduled 30 curves at B1=2000 toward target pretesting depth of 95.08
09/28/24 20:54:47 v1.34.5 @ DESKTOP-ENNO4D3, Finished 30 curves using Lenstra ECM method on C309 input, B1=2K, B2=gmp-ecm default
09/28/24 20:54:47 v1.34.5 @ DESKTOP-ENNO4D3, current ECM pretesting depth: 15.18
09/28/24 20:54:47 v1.34.5 @ DESKTOP-ENNO4D3, scheduled 74 curves at B1=11000 toward target pretesting depth of 95.08
09/28/24 20:55:12 v1.34.5 @ DESKTOP-ENNO4D3, Finished 74 curves using Lenstra ECM method on C309 input, B1=11K, B2=gmp-ecm default
09/28/24 20:55:12 v1.34.5 @ DESKTOP-ENNO4D3, current ECM pretesting depth: 20.24
09/28/24 20:55:12 v1.34.5 @ DESKTOP-ENNO4D3, scheduled 214 curves at B1=50000 toward target pretesting depth of 95.08
09/28/24 20:59:58 v1.34.5 @ DESKTOP-ENNO4D3, Finished 214 curves using Lenstra ECM method on C309 input, B1=50K, B2=gmp-ecm default
09/28/24 20:59:58 v1.34.5 @ DESKTOP-ENNO4D3, pm1: starting B1 = 3750K, B2 = gmp-ecm default on C309
09/28/24 21:00:10 v1.34.5 @ DESKTOP-ENNO4D3, current ECM pretesting depth: 25.33
09/28/24 21:00:10 v1.34.5 @ DESKTOP-ENNO4D3, scheduled 430 curves at B1=250000 toward target pretesting depth of 95.08
10/27/24 13:36:35 v1.34.5 @ DESKTOP-ENNO4D3, 
10/27/24 13:36:35 v1.34.5 @ DESKTOP-ENNO4D3, ****************************
10/27/24 13:36:35 v1.34.5 @ DESKTOP-ENNO4D3, Starting factorization of 10
10/27/24 13:36:35 v1.34.5 @ DESKTOP-ENNO4D3, using pretesting plan: normal
10/27/24 13:36:35 v1.34.5 @ DESKTOP-ENNO4D3, no tune info: using qs/gnfs crossover of 95 digits
10/27/24 13:36:35 v1.34.5 @ DESKTOP-ENNO4D3, ****************************
10/27/24 13:36:35 v1.34.5 @ DESKTOP-ENNO4D3, div: found prime factor = 2
10/27/24 13:36:35 v1.34.5 @ DESKTOP-ENNO4D3, div: found prime factor = 5
10/27/24 13:36:35 v1.34.5 @ DESKTOP-ENNO4D3, Total factoring time = 0.0020 seconds
11/12/24 12:34:34 v1.34.5 @ DESKTOP-ENNO4D3, 
11/12/24 12:34:34 v1.34.5 @ DESKTOP-ENNO4D3, ****************************
11/12/24 12:34:34 v1.34.5 @ DESKTOP-ENNO4D3, Starting factorization of 100
11/12/24 12:34:34 v1.34.5 @ DESKTOP-ENNO4D3, using pretesting plan: normal
11/12/24 12:34:34 v1.34.5 @ DESKTOP-ENNO4D3, no tune info: using qs/gnfs crossover of 95 digits
11/12/24 12:34:34 v1.34.5 @ DESKTOP-ENNO4D3, ****************************
11/12/24 12:34:34 v1.34.5 @ DESKTOP-ENNO4D3, 
11/12/24 12:34:34 v1.34.5 @ DESKTOP-ENNO4D3, ****************************
11/12/24 12:34:34 v1.34.5 @ DESKTOP-ENNO4D3, Starting factorization of 10
11/12/24 12:34:34 v1.34.5 @ DESKTOP-ENNO4D3, using pretesting plan: normal
11/12/24 12:34:34 v1.34.5 @ DESKTOP-ENNO4D3, no tune info: using qs/gnfs crossover of 95 digits
11/12/24 12:34:34 v1.34.5 @ DESKTOP-ENNO4D3, ****************************
11/12/24 12:34:34 v1.34.5 @ DESKTOP-ENNO4D3, div: found prime factor = 2
11/12/24 12:34:34 v1.34.5 @ DESKTOP-ENNO4D3, div: found prime factor = 5
11/12/24 12:34:34 v1.34.5 @ DESKTOP-ENNO4D3, Total factoring time = 0.0020 seconds
11/12/24 12:34:34 v1.34.5 @ DESKTOP-ENNO4D3, prp1 = 2
11/12/24 12:34:34 v1.34.5 @ DESKTOP-ENNO4D3, prp1 = 2
11/12/24 12:34:34 v1.34.5 @ DESKTOP-ENNO4D3, prp1 = 5
11/12/24 12:34:34 v1.34.5 @ DESKTOP-ENNO4D3, prp1 = 5
11/12/24 12:34:34 v1.34.5 @ DESKTOP-ENNO4D3, input is a perfect power
11/12/24 12:34:34 v1.34.5 @ DESKTOP-ENNO4D3, prp1 = 2
11/12/24 12:34:34 v1.34.5 @ DESKTOP-ENNO4D3, prp1 = 2
11/12/24 12:34:34 v1.34.5 @ DESKTOP-ENNO4D3, prp1 = 5
11/12/24 12:34:34 v1.34.5 @ DESKTOP-ENNO4D3, prp1 = 5
