09/28/24 20:54:44 v1.34.5 @ DESKTOP-ENNO4D3, System/Build Info: 
Using GMP-ECM 6.3, Powered by GMP 5.1.1
cached 78498 primes. pmax = 999983
detected 11th Gen Intel(R) Core(TM) i7-1165G7 @ 2.80GHz
detected L1 = 49152 bytes, L2 = 12582912 bytes, CL = 64 bytes
measured cpu frequency ~= 2917.618810
using 20 random witnesses for Rabin-Miller PRP checks

09/28/24 20:54:44 v1.34.5 @ DESKTOP-ENNO4D3, New random seeds: 1573266255, 3515283720

09/28/24 20:54:44 v1.34.5 @ DESKTOP-ENNO4D3, Processing expression: factor(135903945608224521124735251984277413051187048047834271058469761382289177637920157941993536929315574733206785940455134544828735643858255829493403950189643776819556226873936523007921558791739696471377942096154361970265319803349309765839164623208602967479202035590508382929788573847976137331288838472712230985857)


10/27/24 13:36:35 v1.34.5 @ DESKTOP-ENNO4D3, System/Build Info: 
Using GMP-ECM 6.3, Powered by GMP 5.1.1
cached 78498 primes. pmax = 999983
detected 11th Gen Intel(R) Core(TM) i7-1165G7 @ 2.80GHz
detected L1 = 49152 bytes, L2 = 12582912 bytes, CL = 64 bytes
measured cpu frequency ~= 2805.532210
using 20 random witnesses for Rabin-Miller PRP checks

10/27/24 13:36:35 v1.34.5 @ DESKTOP-ENNO4D3, New random seeds: 3559438181, 417994624

10/27/24 13:36:35 v1.34.5 @ DESKTOP-ENNO4D3, Processing expression: factor(10)


10/27/24 13:36:45 v1.34.5 @ DESKTOP-ENNO4D3, System/Build Info: 
Using GMP-ECM 6.3, Powered by GMP 5.1.1
cached 78498 primes. pmax = 999983
detected 11th Gen Intel(R) Core(TM) i7-1165G7 @ 2.80GHz
detected L1 = 49152 bytes, L2 = 12582912 bytes, CL = 64 bytes
measured cpu frequency ~= 2811.660030
using 20 random witnesses for Rabin-Miller PRP checks

10/27/24 13:36:45 v1.34.5 @ DESKTOP-ENNO4D3, New random seeds: 2296744388, 1196469312

10/27/24 13:36:45 v1.34.5 @ DESKTOP-ENNO4D3, Processing expression: 10


11/12/24 12:34:34 v1.34.5 @ DESKTOP-ENNO4D3, System/Build Info: 
Using GMP-ECM 6.3, Powered by GMP 5.1.1
cached 78498 primes. pmax = 999983
detected 11th Gen Intel(R) Core(TM) i7-1165G7 @ 2.80GHz
detected L1 = 49152 bytes, L2 = 12582912 bytes, CL = 64 bytes
measured cpu frequency ~= 2799.884970
using 20 random witnesses for Rabin-Miller PRP checks

11/12/24 12:34:34 v1.34.5 @ DESKTOP-ENNO4D3, New random seeds: 2517574001, 546268160

11/12/24 12:34:34 v1.34.5 @ DESKTOP-ENNO4D3, Processing expression: factor(100)


